<?xml version="1.0" encoding="UTF-8"?>
<testsuite name="HijraMobile"
           tests="16"
           failures="0"
           errors="0"
           skipped="0"
           time="170.519">
    <properties></properties>



            <testcase
                name="validationKodePos"
                time="11.373"
                classname="Mobile.test.OnBoarding.ReviewDataTest">
            </testcase>
            <testcase
                name="validationTempatLahir"
                time="17.779"
                classname="Mobile.test.OnBoarding.ReviewDataTest">
            </testcase>
            <testcase
                name="skipCarousel"
                time="3.425"
                classname="Mobile.test.OnBoarding.ReviewDataTest">
            </testcase>
            <testcase
                name="validationKecamatan"
                time="9.172"
                classname="Mobile.test.OnBoarding.ReviewDataTest">
            </testcase>
            <testcase
                name="validationStatus"
                time="8.515"
                classname="Mobile.test.OnBoarding.ReviewDataTest">
            </testcase>
            <testcase
                name="validationJenis"
                time="8.057"
                classname="Mobile.test.OnBoarding.ReviewDataTest">
            </testcase>
            <testcase
                name="startActivityBahasa"
                time="11.927"
                classname="Mobile.test.OnBoarding.ReviewDataTest">
            </testcase>
            <testcase
                name="validationKelurahan"
                time="11.041"
                classname="Mobile.test.OnBoarding.ReviewDataTest">
            </testcase>
            <testcase
                name="validationAlamat"
                time="6.815"
                classname="Mobile.test.OnBoarding.ReviewDataTest">
            </testcase>
            <testcase
                name="validationKota"
                time="18.381"
                classname="Mobile.test.OnBoarding.ReviewDataTest">
            </testcase>
            <testcase
                name="validationRTRW"
                time="14.961"
                classname="Mobile.test.OnBoarding.ReviewDataTest">
            </testcase>
            <testcase
                name="validationNegara"
                time="9.999"
                classname="Mobile.test.OnBoarding.ReviewDataTest">
            </testcase>
            <testcase
                name="reviewDataSuccess"
                time="5.267"
                classname="Mobile.test.OnBoarding.ReviewDataTest">
            </testcase>
            <testcase
                name="loginValid"
                time="16.181"
                classname="Mobile.test.OnBoarding.ReviewDataTest">
            </testcase>
            <testcase
                name="continueSignature"
                time="4.294"
                classname="Mobile.test.OnBoarding.ReviewDataTest">
            </testcase>
            <testcase
                name="validationProvinsi"
                time="13.332"
                classname="Mobile.test.OnBoarding.ReviewDataTest">
            </testcase>
</testsuite>
