<?xml version="1.0" encoding="UTF-8"?>
<testsuite name="HijraMobile"
           tests="14"
           failures="0"
           errors="0"
           skipped="0"
           time="173.307">
    <properties></properties>



            <testcase
                name="loginValid"
                time="16.509"
                classname="Mobile.test.OnBoarding.ReviewDataTest">
            </testcase>
            <testcase
                name="startActivityBahasa"
                time="12.188"
                classname="Mobile.test.OnBoarding.ReviewDataTest">
            </testcase>
            <testcase
                name="validationKecamatan"
                time="10.373"
                classname="Mobile.test.OnBoarding.ReviewDataTest">
            </testcase>
            <testcase
                name="validationKota"
                time="19.345"
                classname="Mobile.test.OnBoarding.ReviewDataTest">
            </testcase>
            <testcase
                name="validationProvinsi"
                time="14.570"
                classname="Mobile.test.OnBoarding.ReviewDataTest">
            </testcase>
            <testcase
                name="skipCarousel"
                time="3.484"
                classname="Mobile.test.OnBoarding.ReviewDataTest">
            </testcase>
            <testcase
                name="validationKelurahan"
                time="11.943"
                classname="Mobile.test.OnBoarding.ReviewDataTest">
            </testcase>
            <testcase
                name="validationJenis"
                time="8.588"
                classname="Mobile.test.OnBoarding.ReviewDataTest">
            </testcase>
            <testcase
                name="validationStatus"
                time="8.806"
                classname="Mobile.test.OnBoarding.ReviewDataTest">
            </testcase>
            <testcase
                name="validationKodePos"
                time="11.549"
                classname="Mobile.test.OnBoarding.ReviewDataTest">
            </testcase>
            <testcase
                name="validationRTRW"
                time="14.833"
                classname="Mobile.test.OnBoarding.ReviewDataTest">
            </testcase>
            <testcase
                name="validationNegara"
                time="8.568"
                classname="Mobile.test.OnBoarding.ReviewDataTest">
            </testcase>
            <testcase
                name="validationTempatLahir"
                time="24.694"
                classname="Mobile.test.OnBoarding.ReviewDataTest">
            </testcase>
            <testcase
                name="validationAlamat"
                time="7.857"
                classname="Mobile.test.OnBoarding.ReviewDataTest">
            </testcase>
</testsuite>
